<?xml version="1.0" encoding="UTF-8"?>
<coverage generated="1550974462540" clover="3.2.0">
  <project timestamp="1550974462540" name="All files">
    <metrics statements="25" coveredstatements="23" conditionals="8" coveredconditionals="6" methods="7" coveredmethods="7" elements="40" coveredelements="36" complexity="0" loc="25" ncloc="25" packages="1" files="1" classes="1">
      <file name="reader-fixed.js" path="C:\Users\Matt\Desktop\codefellows\401\lab\lab-03\lib\reader-fixed.js">
        <metrics statements="25" coveredstatements="23" conditionals="8" coveredconditionals="6" methods="7" coveredmethods="7"/>
        <line num="4" count="1" type="stmt"/>
        <line num="5" count="1" type="stmt"/>
        <line num="6" count="1" type="stmt"/>
        <line num="11" count="1" type="stmt"/>
        <line num="12" count="2" type="stmt"/>
        <line num="13" count="2" type="stmt"/>
        <line num="21" count="1" type="stmt"/>
        <line num="22" count="4" type="stmt"/>
        <line num="23" count="4" type="cond" truecount="2" falsecount="0"/>
        <line num="24" count="3" type="stmt"/>
        <line num="33" count="1" type="stmt"/>
        <line num="35" count="2" type="stmt"/>
        <line num="36" count="2" type="stmt"/>
        <line num="37" count="2" type="cond" truecount="2" falsecount="0"/>
        <line num="38" count="1" type="stmt"/>
        <line num="41" count="1" type="stmt"/>
        <line num="42" count="1" type="stmt"/>
        <line num="43" count="1" type="cond" truecount="1" falsecount="1"/>
        <line num="44" count="0" type="stmt"/>
        <line num="47" count="1" type="stmt"/>
        <line num="48" count="1" type="stmt"/>
        <line num="49" count="1" type="cond" truecount="1" falsecount="1"/>
        <line num="50" count="0" type="stmt"/>
        <line num="53" count="1" type="stmt"/>
        <line num="54" count="1" type="stmt"/>
      </file>
    </metrics>
  </project>
</coverage>
