{"C:\\Users\\Matt\\Desktop\\codefellows\\401\\lab\\lab-03\\lib\\reader-fixed.js": {"path":"C:\\Users\\Matt\\Desktop\\codefellows\\401\\lab\\lab-03\\lib\\reader-fixed.js","statementMap":{"0":{"start":{"line":4,"column":11},"end":{"line":4,"column":24}},"1":{"start":{"line":5,"column":15},"end":{"line":5,"column":17}},"2":{"start":{"line":6,"column":0},"end":{"line":6,"column":22}},"3":{"start":{"line":11,"column":0},"end":{"line":14,"column":2}},"4":{"start":{"line":12,"column":2},"end":{"line":12,"column":31}},"5":{"start":{"line":13,"column":2},"end":{"line":13,"column":16}},"6":{"start":{"line":21,"column":16},"end":{"line":26,"column":1}},"7":{"start":{"line":22,"column":2},"end":{"line":25,"column":5}},"8":{"start":{"line":23,"column":4},"end":{"line":24,"column":39}},"9":{"start":{"line":23,"column":14},"end":{"line":23,"column":28}},"10":{"start":{"line":24,"column":11},"end":{"line":24,"column":37}},"11":{"start":{"line":33,"column":16},"end":{"line":61,"column":1}},"12":{"start":{"line":35,"column":17},"end":{"line":35,"column":19}},"13":{"start":{"line":36,"column":2},"end":{"line":60,"column":5}},"14":{"start":{"line":37,"column":4},"end":{"line":59,"column":5}},"15":{"start":{"line":38,"column":6},"end":{"line":38,"column":20}},"16":{"start":{"line":41,"column":6},"end":{"line":41,"column":44}},"17":{"start":{"line":42,"column":6},"end":{"line":58,"column":9}},"18":{"start":{"line":43,"column":8},"end":{"line":57,"column":9}},"19":{"start":{"line":44,"column":10},"end":{"line":44,"column":24}},"20":{"start":{"line":47,"column":10},"end":{"line":47,"column":48}},"21":{"start":{"line":48,"column":10},"end":{"line":56,"column":13}},"22":{"start":{"line":49,"column":12},"end":{"line":55,"column":13}},"23":{"start":{"line":50,"column":14},"end":{"line":50,"column":28}},"24":{"start":{"line":53,"column":14},"end":{"line":53,"column":52}},"25":{"start":{"line":54,"column":14},"end":{"line":54,"column":38}}},"fnMap":{"0":{"name":"(anonymous_0)","decl":{"start":{"line":11,"column":27},"end":{"line":11,"column":28}},"loc":{"start":{"line":11,"column":48},"end":{"line":14,"column":1}},"line":11},"1":{"name":"(anonymous_1)","decl":{"start":{"line":21,"column":16},"end":{"line":21,"column":17}},"loc":{"start":{"line":21,"column":36},"end":{"line":26,"column":1}},"line":21},"2":{"name":"(anonymous_2)","decl":{"start":{"line":22,"column":21},"end":{"line":22,"column":22}},"loc":{"start":{"line":22,"column":36},"end":{"line":25,"column":3}},"line":22},"3":{"name":"(anonymous_3)","decl":{"start":{"line":33,"column":16},"end":{"line":33,"column":17}},"loc":{"start":{"line":33,"column":37},"end":{"line":61,"column":1}},"line":33},"4":{"name":"(anonymous_4)","decl":{"start":{"line":36,"column":20},"end":{"line":36,"column":21}},"loc":{"start":{"line":36,"column":35},"end":{"line":60,"column":3}},"line":36},"5":{"name":"(anonymous_5)","decl":{"start":{"line":42,"column":24},"end":{"line":42,"column":25}},"loc":{"start":{"line":42,"column":39},"end":{"line":58,"column":7}},"line":42},"6":{"name":"(anonymous_6)","decl":{"start":{"line":48,"column":28},"end":{"line":48,"column":29}},"loc":{"start":{"line":48,"column":43},"end":{"line":56,"column":11}},"line":48}},"branchMap":{"0":{"loc":{"start":{"line":23,"column":4},"end":{"line":24,"column":39}},"type":"if","locations":[{"start":{"line":23,"column":4},"end":{"line":24,"column":39}},{"start":{"line":23,"column":4},"end":{"line":24,"column":39}}],"line":23},"1":{"loc":{"start":{"line":37,"column":4},"end":{"line":59,"column":5}},"type":"if","locations":[{"start":{"line":37,"column":4},"end":{"line":59,"column":5}},{"start":{"line":37,"column":4},"end":{"line":59,"column":5}}],"line":37},"2":{"loc":{"start":{"line":43,"column":8},"end":{"line":57,"column":9}},"type":"if","locations":[{"start":{"line":43,"column":8},"end":{"line":57,"column":9}},{"start":{"line":43,"column":8},"end":{"line":57,"column":9}}],"line":43},"3":{"loc":{"start":{"line":49,"column":12},"end":{"line":55,"column":13}},"type":"if","locations":[{"start":{"line":49,"column":12},"end":{"line":55,"column":13}},{"start":{"line":49,"column":12},"end":{"line":55,"column":13}}],"line":49}},"s":{"0":1,"1":1,"2":1,"3":1,"4":2,"5":2,"6":1,"7":4,"8":4,"9":1,"10":3,"11":1,"12":2,"13":2,"14":2,"15":1,"16":1,"17":1,"18":1,"19":0,"20":1,"21":1,"22":1,"23":0,"24":1,"25":1},"f":{"0":2,"1":4,"2":4,"3":2,"4":2,"5":1,"6":1},"b":{"0":[1,3],"1":[1,1],"2":[0,1],"3":[0,1]},"_coverageSchema":"332fd63041d2c1bcb487cc26dd0d5f7d97098a6c","hash":"d13e3d53bbab2956b3a2f9facb9e2c8ce2b3bbb9"}
}
