TN:
SF:C:\Users\Matt\Desktop\codefellows\401\lab\lab-03\lib\reader-edited.js
FN:10,(anonymous_0)
FN:20,(anonymous_1)
FN:21,(anonymous_2)
FN:32,(anonymous_3)
FN:35,(anonymous_4)
FN:41,(anonymous_5)
FN:47,(anonymous_6)
FNF:7
FNH:7
FNDA:2,(anonymous_0)
FNDA:4,(anonymous_1)
FNDA:4,(anonymous_2)
FNDA:2,(anonymous_3)
FNDA:2,(anonymous_4)
FNDA:1,(anonymous_5)
FNDA:1,(anonymous_6)
DA:3,1
DA:4,1
DA:5,1
DA:10,1
DA:11,2
DA:12,2
DA:20,1
DA:21,4
DA:22,4
DA:23,3
DA:32,1
DA:34,2
DA:35,2
DA:36,2
DA:37,1
DA:40,1
DA:41,1
DA:42,1
DA:43,0
DA:46,1
DA:47,1
DA:48,1
DA:49,0
DA:52,1
DA:53,1
LF:25
LH:23
BRDA:22,0,0,1
BRDA:22,0,1,3
BRDA:36,1,0,1
BRDA:36,1,1,1
BRDA:42,2,0,0
BRDA:42,2,1,1
BRDA:48,3,0,0
BRDA:48,3,1,1
BRF:8
BRH:6
end_of_record
