TN:
SF:C:\Users\Matt\Desktop\codefellows\401\lab\lab-03\lib\reader-fixed.js
FN:11,(anonymous_0)
FN:21,(anonymous_1)
FN:22,(anonymous_2)
FN:33,(anonymous_3)
FN:36,(anonymous_4)
FN:42,(anonymous_5)
FN:48,(anonymous_6)
FNF:7
FNH:7
FNDA:2,(anonymous_0)
FNDA:4,(anonymous_1)
FNDA:4,(anonymous_2)
FNDA:2,(anonymous_3)
FNDA:2,(anonymous_4)
FNDA:1,(anonymous_5)
FNDA:1,(anonymous_6)
DA:4,1
DA:5,1
DA:6,1
DA:11,1
DA:12,2
DA:13,2
DA:21,1
DA:22,4
DA:23,4
DA:24,3
DA:33,1
DA:35,2
DA:36,2
DA:37,2
DA:38,1
DA:41,1
DA:42,1
DA:43,1
DA:44,0
DA:47,1
DA:48,1
DA:49,1
DA:50,0
DA:53,1
DA:54,1
LF:25
LH:23
BRDA:23,0,0,1
BRDA:23,0,1,3
BRDA:37,1,0,1
BRDA:37,1,1,1
BRDA:43,2,0,0
BRDA:43,2,1,1
BRDA:49,3,0,0
BRDA:49,3,1,1
BRF:8
BRH:6
end_of_record
